
> backend-cursos@1.0.0 dev
> ts-node-dev --respawn --transpile-only src/index.ts

[INFO] 15:17:29 ts-node-dev ver. 2.0.0 (using ts-node ver. 10.9.2, typescript ver. 5.9.3)
Data Source initialized
Server running on port 3000
[2025-12-10T18:17:46.625Z] POST /alunos
Body: {"nome":"RODRIGO SCHOINGELE DA SILVEIRA","email":"schoingele021@gmail.com","senha":"123","telefone":"51992978850","data_nascimento":"2005-09-19"}
Headers: {"origin":"http://localhost:5173","host":"localhost:3000","referer":"http://localhost:5173/","content-type":"application/json","accept":"application/json, text/plain, */*","authorization":"absent","method":"POST"}
[INFO] 15:18:45 Restarting: C:\Users\rodri\Downloads\projeto-fullstack-main\projeto-fullstack-main\src\services\aluno.service.ts has been modified
Data Source initialized
Server running on port 3000
[INFO] 15:18:57 Restarting: C:\Users\rodri\Downloads\projeto-fullstack-main\projeto-fullstack-main\src\controllers\aluno.controller.ts has been modified
Data Source initialized
Server running on port 3000
[2025-12-10T18:19:15.921Z] POST /alunos
Body: {"email":"teste.script+2025-12-10T15:19:15@example.com","data_nascimento":"2000-01-01","nome":"Aluno Teste Script","telefone":"11999999999","senha":"senha123"}
Headers: {"host":"localhost:3000","content-type":"application/json","authorization":"absent","method":"POST"}
[2025-12-10T18:19:16.075Z] GET /alunos
Headers: {"host":"localhost:3000","authorization":"absent","method":"GET"}
[2025-12-10T18:19:57.299Z] POST /alunos
Body: {"nome":"RODRIGO SCHOINGELE DA SILVEIRA","email":"schoingele021@gmail.com","senha":"123","telefone":"51992978850","data_nascimento":"2005-09-19"}
Headers: {"origin":"http://localhost:5173","host":"localhost:3000","referer":"http://localhost:5173/","content-type":"application/json","accept":"application/json, text/plain, */*","authorization":"absent","method":"POST"}
[2025-12-10T18:20:10.136Z] POST /alunos
Body: {"nome":"RODRIGO SCHOINGELE DA SILVEIRA","email":"schoingele021@gmail","senha":"123","telefone":"51992978850","data_nascimento":"2005-09-19"}
Headers: {"origin":"http://localhost:5173","host":"localhost:3000","referer":"http://localhost:5173/","content-type":"application/json","accept":"application/json, text/plain, */*","authorization":"absent","method":"POST"}
[2025-12-10T18:20:18.808Z] GET /alunos
Headers: {"origin":"http://localhost:5173","host":"localhost:3000","referer":"http://localhost:5173/","accept":"application/json, text/plain, */*","authorization":"absent","method":"GET"}
[2025-12-10T18:20:18.816Z] GET /alunos
Headers: {"origin":"http://localhost:5173","host":"localhost:3000","referer":"http://localhost:5173/","accept":"application/json, text/plain, */*","authorization":"absent","method":"GET"}
[2025-12-10T18:22:56.815Z] POST /alunos
Body: {"nome":"test","email":"test@test","senha":"1980","telefone":"55555","data_nascimento":"2004-04-04"}
Headers: {"origin":"http://localhost:5173","host":"localhost:3000","referer":"http://localhost:5173/","content-type":"application/json","accept":"application/json, text/plain, */*","authorization":"absent","method":"POST"}
[2025-12-10T18:23:00.337Z] GET /alunos
Headers: {"origin":"http://localhost:5173","host":"localhost:3000","referer":"http://localhost:5173/","accept":"application/json, text/plain, */*","authorization":"absent","method":"GET"}
[2025-12-10T18:23:00.343Z] GET /alunos
Headers: {"origin":"http://localhost:5173","host":"localhost:3000","referer":"http://localhost:5173/","accept":"application/json, text/plain, */*","authorization":"absent","method":"GET"}
